sample/build/outputs/logs/manifest-merger-debug-report.txt
-- Merging decision tree log ---
manifest
ADDED from ExpandableLayout\sample\AndroidManifest.xml:2:1-22:12
	package
		ADDED from ExpandableLayout\sample\AndroidManifest.xml:3:5-44
	xmlns:android
		ADDED from ExpandableLayout\sample\AndroidManifest.xml:2:11-69
application
ADDED from ExpandableLayout\sample\AndroidManifest.xml:5:5-20:19
MERGED from [ExpandableLayout:lib:unspecified] AndroidManifest.xml:5:5-20
	android:label
		ADDED from ExpandableLayout\sample\AndroidManifest.xml:8:9-41
	android:allowBackup
		ADDED from ExpandableLayout\sample\AndroidManifest.xml:6:9-35
	android:icon
		ADDED from ExpandableLayout\sample\AndroidManifest.xml:7:9-45
	android:theme
		ADDED from ExpandableLayout\sample\AndroidManifest.xml:9:9-40
activity#com.andexert.expandablelayout.MainActivity
ADDED from ExpandableLayout\sample\AndroidManifest.xml:10:9-19:20
	android:label
		ADDED from ExpandableLayout\sample\AndroidManifest.xml:12:13-45
	android:windowSoftInputMode
		ADDED from ExpandableLayout\sample\AndroidManifest.xml:13:13-52
	android:name
		ADDED from ExpandableLayout\sample\AndroidManifest.xml:11:13-41
intent-filter#android.intent.action.MAIN+android.intent.category.LAUNCHER
ADDED from ExpandableLayout\sample\AndroidManifest.xml:14:13-18:29
action#android.intent.action.MAIN
ADDED from ExpandableLayout\sample\AndroidManifest.xml:15:17-69
	android:name
		ADDED from ExpandableLayout\sample\AndroidManifest.xml:15:25-66
category#android.intent.category.LAUNCHER
ADDED from ExpandableLayout\sample\AndroidManifest.xml:17:17-77
	android:name
		ADDED from ExpandableLayout\sample\AndroidManifest.xml:17:27-74